<?xml version="1.0" encoding="UTF-8"?>
<!-- Generated by org.testng.reporters.JUnitReportReporter -->
<testsuite hostname="Sivaramakrishna" failures="0" tests="3" name="flipkart.main" time="7.857" errors="0" timestamp="2023-07-28T20:52:03 IST" skipped="0">
  <testcase classname="flipkart.main" name="flipkartlogin" time="7.847"/>
  <system-out/>
  <testcase classname="flipkart.main" name="f" time="0.009"/>
  <system-out/>
  <testcase classname="flipkart.main" name="f" time="0.001"/>
  <system-out/>
</testsuite> <!-- flipkart.main -->
