<?xml version="1.0" encoding="UTF-8"?>
<!-- Generated by org.testng.reporters.JUnitReportReporter -->
<testsuite hostname="Sivaramakrishna" failures="0" tests="3" name="flipkart.flipkartproject.NewTest" time="12.767" errors="0" timestamp="2023-07-28T07:21:09 IST" skipped="0">
  <testcase classname="flipkart.flipkartproject.NewTest" name="f" time="0.012"/>
  <system-out/>
  <testcase classname="flipkart.flipkartproject.NewTest" name="f" time="0.001"/>
  <system-out/>
  <testcase classname="flipkart.flipkartproject.NewTest" name="flipkartlogin" time="12.754"/>
  <system-out/>
</testsuite> <!-- flipkart.flipkartproject.NewTest -->
